INFO : Video Imported: C:\Users\User\Documents\GitHub\TrackerNew\Tracker\Rat1faildetect.mp4
INFO : Recording Trial 1
INFO : 00:00:8.880 : The rat position is: (371, 254) @ 323
INFO : 00:00:8.880 : The rat position after failed is: (371, 254)
INFO : 00:00:8.920 : The rat position is: (376, 237) @ 323
INFO : 00:00:8.920 : The rat position after failed is: (376, 237)
INFO : 00:00:8.960 : The rat position is: (376, 237) @ 323
INFO : 00:00:8.960 : The rat position after failed is: (376, 237)
INFO : 00:00:9.000 : The rat position is: (371, 254) @ 323
INFO : 00:00:9.000 : The rat position after failed is: (371, 254)
INFO : 00:00:9.040 : The rat position is: (377, 237) @ 323
INFO : 00:00:9.040 : The rat position after failed is: (377, 237)
INFO : 00:00:9.080 : The rat position is: (377, 237) @ 323
INFO : 00:00:9.080 : The rat position after failed is: (377, 237)
INFO : 00:00:9.120 : The rat position is: (376, 237) @ 323
INFO : 00:00:9.120 : The rat position after failed is: (376, 237)
INFO : 00:00:9.160 : The rat position is: (376, 237) @ 323
INFO : 00:00:9.160 : The rat position after failed is: (376, 237)
INFO : 00:00:9.200 : The rat position is: (376, 237) @ 323
INFO : 00:00:9.200 : The rat position after failed is: (376, 237)
INFO : 00:00:9.240 : The rat position is: (377, 237) @ 323
INFO : 00:00:9.240 : The rat position after failed is: (377, 237)
INFO : 00:00:9.280 : The rat position is: (377, 237) @ 323
INFO : 00:00:9.280 : The rat position after failed is: (377, 237)
INFO : 00:00:9.320 : The rat position is: (377, 236) @ 323
INFO : 00:00:9.320 : The rat position after failed is: (377, 236)
INFO : 00:00:9.360 : The rat position is: (377, 236) @ 323
INFO : 00:00:9.360 : The rat position after failed is: (377, 236)
INFO : 00:00:9.400 : The rat position is: (377, 237) @ 323
INFO : 00:00:9.400 : The rat position after failed is: (377, 237)
INFO : 00:00:9.440 : The rat position is: (377, 237) @ 323
INFO : 00:00:9.440 : The rat position after failed is: (377, 237)
INFO : 00:00:9.480 : The rat position is: (377, 236) @ 323
INFO : 00:00:9.480 : The rat position after failed is: (377, 236)
INFO : 00:00:9.520 : The rat position is: (377, 237) @ 323
INFO : 00:00:9.520 : The rat position after failed is: (377, 237)
INFO : 00:00:9.560 : The rat position is: (377, 237) @ 323
INFO : 00:00:9.560 : The rat position after failed is: (377, 237)
INFO : 00:00:9.600 : The rat position is: (376, 238) @ 323
INFO : 00:00:9.600 : The rat position after failed is: (376, 238)
INFO : 00:00:9.640 : The rat position is: (376, 237) @ 323
INFO : 00:00:9.640 : The rat position after failed is: (376, 237)
INFO : 00:00:9.680 : The rat position is: (376, 238) @ 323
INFO : 00:00:9.680 : The rat position after failed is: (376, 238)
INFO : 00:00:9.720 : The rat position is: (376, 238) @ 323
INFO : 00:00:9.720 : The rat position after failed is: (376, 238)
INFO : 00:00:9.760 : The rat position is: (373, 240) @ 323
INFO : 00:00:9.760 : The rat position after failed is: (373, 240)
INFO : 00:00:9.800 : The rat position is: (373, 240) @ 323
INFO : 00:00:9.800 : The rat position after failed is: (373, 240)
INFO : 00:00:9.840 : The rat position is: (374, 238) @ 323
INFO : 00:00:9.840 : The rat position after failed is: (374, 238)
INFO : 00:00:9.880 : The rat position is: (376, 235) @ 323
INFO : 00:00:9.880 : The rat position after failed is: (376, 235)
INFO : 00:00:9.920 : The rat position is: (375, 248) @ 323
INFO : 00:00:9.920 : The rat position after failed is: (375, 248)
INFO : 00:00:9.960 : The rat position is: (377, 233) @ 323
INFO : 00:00:9.960 : The rat position after failed is: (377, 233)
INFO : 00:00:10.000 : The rat position is: (378, 233) @ 323
INFO : 00:00:10.000 : The rat position after failed is: (378, 233)
INFO : 00:00:10.040 : The rat position is: (378, 232) @ 323
INFO : 00:00:10.040 : The rat position after failed is: (378, 232)
INFO : 00:00:10.080 : The rat position is: (379, 231) @ 323
INFO : 00:00:10.080 : The rat position after failed is: (379, 231)
INFO : 00:00:10.120 : The rat position is: (379, 231) @ 323
INFO : 00:00:10.120 : The rat position after failed is: (379, 231)
INFO : 00:00:10.160 : The rat position is: (379, 231) @ 323
INFO : 00:00:10.160 : The rat position after failed is: (379, 231)
INFO : 00:00:10.200 : The rat position is: (371, 242) @ 323
INFO : 00:00:10.200 : The rat position after failed is: (371, 242)
INFO : 00:00:10.240 : The rat position is: (380, 228) @ 323
INFO : 00:00:10.240 : The rat position after failed is: (380, 228)
INFO : 00:00:10.280 : The rat position is: (381, 227) @ 322
INFO : 00:00:10.280 : The rat position after failed is: (381, 227)
INFO : 00:00:10.320 : The rat position is: (381, 227) @ 322
INFO : 00:00:10.320 : The rat position after failed is: (381, 227)
INFO : 00:00:10.360 : The rat position is: (381, 226) @ 322
INFO : 00:00:10.360 : The rat position after failed is: (381, 226)
INFO : 00:00:10.400 : The rat position is: (381, 226) @ 322
INFO : 00:00:10.400 : The rat position after failed is: (381, 226)
INFO : 00:00:10.440 : The rat position is: (382, 225) @ 322
INFO : 00:00:10.440 : The rat position after failed is: (382, 225)
INFO : 00:00:10.480 : The rat position is: (382, 224) @ 322
INFO : 00:00:10.480 : The rat position after failed is: (382, 224)
INFO : 00:00:10.520 : The rat position is: (383, 223) @ 322
INFO : 00:00:10.520 : The rat position after failed is: (383, 223)
INFO : 00:00:10.560 : The rat position is: (383, 223) @ 322
INFO : 00:00:10.560 : The rat position after failed is: (383, 223)
INFO : 00:00:10.600 : The rat position is: (383, 223) @ 322
INFO : 00:00:10.600 : The rat position after failed is: (383, 223)
INFO : 00:00:10.640 : The rat position is: (383, 222) @ 322
INFO : 00:00:10.640 : The rat position after failed is: (383, 222)
INFO : 00:00:10.680 : The rat position is: (383, 222) @ 322
INFO : 00:00:10.680 : The rat position after failed is: (383, 222)
INFO : 00:00:10.720 : The rat position is: (383, 222) @ 322
INFO : 00:00:10.720 : The rat position after failed is: (383, 222)
INFO : 00:00:10.760 : The rat position is: (383, 222) @ 322
INFO : 00:00:10.760 : The rat position after failed is: (383, 222)
INFO : 00:00:10.800 : The rat position is: (383, 222) @ 322
INFO : 00:00:10.800 : The rat position after failed is: (383, 222)
INFO : 00:00:10.840 : The rat position is: (383, 222) @ 322
INFO : 00:00:10.840 : The rat position after failed is: (383, 222)
INFO : 00:00:10.880 : The rat position is: (383, 222) @ 322
INFO : 00:00:10.880 : The rat position after failed is: (383, 222)
INFO : 00:00:10.920 : The rat position is: (383, 223) @ 322
INFO : 00:00:10.920 : The rat position after failed is: (383, 223)
INFO : 00:00:10.960 : The rat position is: (383, 223) @ 322
INFO : 00:00:10.960 : The rat position after failed is: (383, 223)
INFO : 00:00:11.000 : The rat position is: (383, 223) @ 322
INFO : 00:00:11.000 : The rat position after failed is: (383, 223)
INFO : 00:00:11.040 : The rat position is: (384, 223) @ 322
INFO : 00:00:11.040 : The rat position after failed is: (384, 223)
INFO : 00:00:11.080 : The rat position is: (385, 222) @ 322
INFO : 00:00:11.080 : The rat position after failed is: (385, 222)
INFO : 00:00:11.120 : The rat position is: (385, 221) @ 322
INFO : 00:00:11.120 : The rat position after failed is: (385, 221)
INFO : 00:00:11.160 : The rat position is: (385, 221) @ 322
INFO : 00:00:11.160 : The rat position after failed is: (385, 221)
INFO : 00:00:11.200 : The rat position is: (388, 219) @ 322
INFO : 00:00:11.200 : The rat position after failed is: (388, 219)
INFO : 00:00:11.240 : The rat position is: (389, 218) @ 322
INFO : 00:00:11.240 : The rat position after failed is: (389, 218)
INFO : 00:00:11.280 : The rat position is: (389, 218) @ 322
INFO : 00:00:11.280 : The rat position after failed is: (389, 218)
INFO : 00:00:11.320 : The rat position is: (389, 218) @ 322
INFO : 00:00:11.320 : The rat position after failed is: (389, 218)
INFO : 00:00:11.360 : The rat position is: (390, 216) @ 322
INFO : 00:00:11.360 : The rat position after failed is: (390, 216)
INFO : 00:00:11.400 : The rat position is: (390, 216) @ 322
INFO : 00:00:11.400 : The rat position after failed is: (390, 216)
INFO : 00:00:11.440 : The rat position is: (391, 215) @ 322
INFO : 00:00:11.440 : The rat position after failed is: (391, 215)
INFO : 00:00:11.480 : The rat position is: (391, 215) @ 322
INFO : 00:00:11.480 : The rat position after failed is: (391, 215)
INFO : 00:00:11.520 : The rat position is: (393, 214) @ 322
INFO : 00:00:11.520 : The rat position after failed is: (393, 214)
INFO : 00:00:11.560 : The rat position is: (384, 224) @ 322
INFO : 00:00:11.560 : The rat position after failed is: (384, 224)
INFO : 00:00:11.600 : The rat position is: (385, 222) @ 322
INFO : 00:00:11.600 : The rat position after failed is: (385, 222)
INFO : 00:00:11.640 : The rat position is: (399, 212) @ 322
INFO : 00:00:11.640 : The rat position after failed is: (399, 212)
INFO : 00:00:11.680 : The rat position is: (400, 212) @ 322
INFO : 00:00:11.680 : The rat position after failed is: (400, 212)
INFO : 00:00:11.720 : The rat position is: (400, 212) @ 322
INFO : 00:00:11.720 : The rat position after failed is: (400, 212)
INFO : 00:00:11.760 : The rat position is: (403, 211) @ 322
INFO : 00:00:11.760 : The rat position after failed is: (403, 211)
INFO : 00:00:11.800 : The rat position is: (404, 211) @ 322
INFO : 00:00:11.800 : The rat position after failed is: (404, 211)
INFO : 00:00:11.840 : The rat position is: (405, 211) @ 322
INFO : 00:00:11.840 : The rat position after failed is: (405, 211)
INFO : 00:00:11.880 : The rat position is: (406, 211) @ 322
INFO : 00:00:11.880 : The rat position after failed is: (406, 211)
INFO : 00:00:11.920 : The rat position is: (407, 210) @ 322
INFO : 00:00:11.920 : The rat position after failed is: (407, 210)
INFO : 00:00:11.960 : The rat position is: (408, 210) @ 322
INFO : 00:00:11.960 : The rat position after failed is: (408, 210)
INFO : 00:00:12.000 : The rat position is: (410, 210) @ 322
INFO : 00:00:12.000 : The rat position after failed is: (410, 210)
INFO : 00:00:12.040 : The rat position is: (410, 210) @ 322
INFO : 00:00:12.040 : The rat position after failed is: (410, 210)
INFO : 00:00:12.080 : The rat position is: (418, 210) @ 322
INFO : 00:00:12.080 : The rat position after failed is: (418, 210)
INFO : 00:00:12.120 : The rat position is: (423, 211) @ 316
INFO : 00:00:12.120 : The rat position after failed is: (423, 211)
INFO : 00:00:12.160 : The rat position is: (425, 210) @ 316
INFO : 00:00:12.160 : The rat position after failed is: (425, 210)
INFO : 00:00:12.200 : The rat position is: (425, 210) @ 316
INFO : 00:00:12.200 : The rat position after failed is: (425, 210)
INFO : 00:00:12.240 : The rat position is: (425, 210) @ 316
INFO : 00:00:12.240 : The rat position after failed is: (425, 210)
INFO : 00:00:12.280 : The rat position is: (426, 211) @ 316
INFO : 00:00:12.280 : The rat position after failed is: (426, 211)
INFO : 00:00:12.320 : The rat position is: (426, 211) @ 316
INFO : 00:00:12.320 : The rat position after failed is: (426, 211)
INFO : 00:00:12.360 : The rat position is: (427, 210) @ 316
INFO : 00:00:12.360 : The rat position after failed is: (427, 210)
INFO : 00:00:12.400 : The rat position is: (427, 210) @ 316
INFO : 00:00:12.400 : The rat position after failed is: (427, 210)
INFO : 00:00:12.440 : The rat position is: (429, 210) @ 316
INFO : 00:00:12.440 : The rat position after failed is: (429, 210)
INFO : 00:00:12.480 : The rat position is: (429, 210) @ 316
INFO : 00:00:12.480 : The rat position after failed is: (429, 210)
INFO : 00:00:12.520 : The rat position is: (428, 210) @ 316
INFO : 00:00:12.520 : The rat position after failed is: (428, 210)
INFO : 00:00:12.560 : The rat position is: (427, 210) @ 316
INFO : 00:00:12.560 : The rat position after failed is: (427, 210)
INFO : 00:00:12.600 : The rat position is: (428, 210) @ 316
INFO : 00:00:12.600 : The rat position after failed is: (428, 210)
INFO : 00:00:12.640 : The rat position is: (428, 210) @ 316
INFO : 00:00:12.640 : The rat position after failed is: (428, 210)
INFO : 00:00:12.680 : The rat position is: (428, 210) @ 316
INFO : 00:00:12.680 : The rat position after failed is: (428, 210)
INFO : 00:00:12.720 : The rat position is: (426, 210) @ 316
INFO : 00:00:12.720 : The rat position after failed is: (426, 210)
INFO : 00:00:12.760 : The rat position is: (427, 210) @ 316
INFO : 00:00:12.760 : The rat position after failed is: (427, 210)
INFO : 00:00:12.800 : The rat position is: (426, 211) @ 316
INFO : 00:00:12.800 : The rat position after failed is: (426, 211)
INFO : 00:00:12.840 : The rat position is: (427, 212) @ 316
INFO : 00:00:12.840 : The rat position after failed is: (427, 212)
INFO : 00:00:12.880 : The rat position is: (428, 212) @ 316
INFO : 00:00:12.880 : The rat position after failed is: (428, 212)
INFO : 00:00:12.920 : The rat position is: (428, 212) @ 316
INFO : 00:00:12.920 : The rat position after failed is: (428, 212)
INFO : 00:00:12.960 : The rat position is: (429, 213) @ 316
INFO : 00:00:12.960 : The rat position after failed is: (429, 213)
INFO : 00:00:13.000 : The rat position is: (429, 213) @ 316
INFO : 00:00:13.000 : The rat position after failed is: (429, 213)
INFO : 00:00:13.040 : The rat position is: (429, 213) @ 316
INFO : 00:00:13.040 : The rat position after failed is: (429, 213)
INFO : 00:00:13.080 : The rat position is: (429, 213) @ 316
INFO : 00:00:13.080 : The rat position after failed is: (429, 213)
INFO : 00:00:13.120 : The rat position is: (429, 214) @ 316
INFO : 00:00:13.120 : The rat position after failed is: (429, 214)
INFO : 00:00:13.160 : The rat position is: (429, 214) @ 316
INFO : 00:00:13.160 : The rat position after failed is: (429, 214)
INFO : 00:00:13.200 : The rat position is: (428, 213) @ 316
INFO : 00:00:13.200 : The rat position after failed is: (428, 213)
INFO : 00:00:13.240 : The rat position is: (428, 213) @ 316
INFO : 00:00:13.240 : The rat position after failed is: (428, 213)
INFO : 00:00:13.280 : The rat position is: (426, 212) @ 316
INFO : 00:00:13.280 : The rat position after failed is: (426, 212)
INFO : 00:00:13.320 : The rat position is: (426, 212) @ 316
INFO : 00:00:13.320 : The rat position after failed is: (426, 212)
INFO : 00:00:13.360 : The rat position is: (426, 212) @ 316
INFO : 00:00:13.360 : The rat position after failed is: (426, 212)
INFO : 00:00:13.400 : The rat position is: (428, 212) @ 316
INFO : 00:00:13.400 : The rat position after failed is: (428, 212)
INFO : 00:00:13.440 : The rat position is: (428, 212) @ 316
INFO : 00:00:13.440 : The rat position after failed is: (428, 212)
INFO : 00:00:13.480 : The rat position is: (428, 212) @ 316
INFO : 00:00:13.480 : The rat position after failed is: (428, 212)
INFO : 00:00:13.520 : The rat position is: (429, 212) @ 316
INFO : 00:00:13.520 : The rat position after failed is: (429, 212)
INFO : 00:00:13.560 : The rat position is: (430, 213) @ 316
INFO : 00:00:13.560 : The rat position after failed is: (430, 213)
INFO : 00:00:13.600 : The rat position is: (429, 212) @ 316
INFO : 00:00:13.600 : The rat position after failed is: (429, 212)
INFO : 00:00:13.640 : The rat position is: (429, 212) @ 316
INFO : 00:00:13.640 : The rat position after failed is: (429, 212)
INFO : 00:00:13.680 : The rat position is: (429, 212) @ 316
INFO : 00:00:13.680 : The rat position after failed is: (429, 212)
INFO : 00:00:13.720 : The rat position is: (429, 212) @ 316
INFO : 00:00:13.720 : The rat position after failed is: (429, 212)
INFO : 00:00:13.760 : The rat position is: (429, 212) @ 316
INFO : 00:00:13.760 : The rat position after failed is: (429, 212)
INFO : 00:00:13.800 : The rat position is: (429, 212) @ 316
INFO : 00:00:13.800 : The rat position after failed is: (429, 212)
INFO : 00:00:13.840 : The rat position is: (429, 212) @ 316
INFO : 00:00:13.840 : The rat position after failed is: (429, 212)
INFO : 00:00:13.880 : The rat position is: (429, 212) @ 316
INFO : 00:00:13.880 : The rat position after failed is: (429, 212)
INFO : 00:00:13.920 : The rat position is: (429, 212) @ 316
INFO : 00:00:13.920 : The rat position after failed is: (429, 212)
INFO : 00:00:13.960 : The rat position is: (429, 212) @ 316
INFO : 00:00:13.960 : The rat position after failed is: (429, 212)
INFO : 00:00:14.000 : The rat position is: (429, 212) @ 316
INFO : 00:00:14.000 : The rat position after failed is: (429, 212)
INFO : 00:00:14.040 : The rat position is: (429, 212) @ 316
INFO : 00:00:14.040 : The rat position after failed is: (429, 212)
INFO : 00:00:14.080 : The rat position is: (430, 212) @ 316
INFO : 00:00:14.080 : The rat position after failed is: (430, 212)
INFO : 00:00:14.120 : The rat position is: (430, 212) @ 316
INFO : 00:00:14.120 : The rat position after failed is: (430, 212)
INFO : 00:00:14.160 : The rat position is: (425, 211) @ 316
INFO : 00:00:14.160 : The rat position after failed is: (425, 211)
INFO : 00:00:14.200 : The rat position is: (419, 209) @ 316
INFO : 00:00:14.200 : The rat position after failed is: (419, 209)
INFO : 00:00:14.240 : The rat position is: (419, 209) @ 316
INFO : 00:00:14.240 : The rat position after failed is: (419, 209)
INFO : 00:00:14.280 : The rat position is: (418, 209) @ 316
INFO : 00:00:14.280 : The rat position after failed is: (418, 209)
INFO : 00:00:14.320 : The rat position is: (418, 209) @ 316
INFO : 00:00:14.320 : The rat position after failed is: (418, 209)
INFO : 00:00:14.360 : The rat position is: (418, 209) @ 316
INFO : 00:00:14.360 : The rat position after failed is: (418, 209)
INFO : 00:00:14.400 : The rat position is: (431, 213) @ 316
INFO : 00:00:14.400 : The rat position after failed is: (431, 213)
INFO : 00:00:14.440 : The rat position is: (431, 213) @ 316
INFO : 00:00:14.440 : The rat position after failed is: (431, 213)
INFO : 00:00:14.480 : The rat position is: (427, 212) @ 316
INFO : 00:00:14.480 : The rat position after failed is: (427, 212)
INFO : 00:00:14.520 : The rat position is: (427, 212) @ 316
INFO : 00:00:14.520 : The rat position after failed is: (427, 212)
INFO : 00:00:14.560 : The rat position is: (432, 213) @ 316
INFO : 00:00:14.560 : The rat position after failed is: (432, 213)
INFO : 00:00:14.600 : The rat position is: (431, 213) @ 316
INFO : 00:00:14.600 : The rat position after failed is: (431, 213)
INFO : 00:00:14.640 : The rat position is: (431, 213) @ 316
INFO : 00:00:14.640 : The rat position after failed is: (431, 213)
INFO : 00:00:14.680 : The rat position is: (434, 213) @ 316
INFO : 00:00:14.680 : The rat position after failed is: (434, 213)
INFO : 00:00:14.720 : The rat position is: (436, 213) @ 316
INFO : 00:00:14.720 : The rat position after failed is: (436, 213)
INFO : 00:00:14.760 : The rat position is: (436, 213) @ 316
INFO : 00:00:14.760 : The rat position after failed is: (436, 213)
INFO : 00:00:14.800 : The rat position is: (436, 213) @ 316
INFO : 00:00:14.800 : The rat position after failed is: (436, 213)
INFO : 00:00:14.840 : The rat position is: (434, 212) @ 316
INFO : 00:00:14.840 : The rat position after failed is: (434, 212)
INFO : 00:00:14.880 : The rat position is: (427, 210) @ 316
INFO : 00:00:14.880 : The rat position after failed is: (427, 210)
INFO : 00:00:14.920 : The rat position is: (423, 209) @ 316
INFO : 00:00:14.920 : The rat position after failed is: (423, 209)
INFO : 00:00:14.960 : The rat position is: (429, 210) @ 316
INFO : 00:00:14.960 : The rat position after failed is: (429, 210)
INFO : 00:00:15.000 : The rat position is: (429, 210) @ 316
INFO : 00:00:15.000 : The rat position after failed is: (429, 210)
INFO : 00:00:15.040 : The rat position is: (424, 210) @ 316
INFO : 00:00:15.040 : The rat position after failed is: (424, 210)
INFO : 00:00:15.080 : The rat position is: (429, 210) @ 316
INFO : 00:00:15.080 : The rat position after failed is: (429, 210)
INFO : 00:00:15.120 : The rat position is: (429, 210) @ 316
INFO : 00:00:15.120 : The rat position after failed is: (429, 210)
INFO : 00:00:15.160 : The rat position is: (438, 213) @ 316
INFO : 00:00:15.160 : The rat position after failed is: (438, 213)
INFO : 00:00:15.200 : The rat position is: (437, 213) @ 316
INFO : 00:00:15.200 : The rat position after failed is: (437, 213)
INFO : 00:00:15.240 : The rat position is: (438, 213) @ 316
INFO : 00:00:15.240 : The rat position after failed is: (438, 213)
INFO : 00:00:15.280 : The rat position is: (438, 213) @ 316
INFO : 00:00:15.280 : The rat position after failed is: (438, 213)
INFO : 00:00:15.320 : The rat position is: (438, 213) @ 316
INFO : 00:00:15.320 : The rat position after failed is: (438, 213)
INFO : 00:00:15.360 : The rat position is: (438, 213) @ 316
INFO : 00:00:15.360 : The rat position after failed is: (438, 213)
INFO : 00:00:15.400 : The rat position is: (440, 214) @ 316
INFO : 00:00:15.400 : The rat position after failed is: (440, 214)
INFO : 00:00:15.440 : The rat position is: (425, 211) @ 316
INFO : 00:00:15.440 : The rat position after failed is: (425, 211)
INFO : 00:00:15.480 : The rat position is: (441, 214) @ 316
INFO : 00:00:15.480 : The rat position after failed is: (441, 214)
INFO : 00:00:15.520 : The rat position is: (441, 214) @ 316
INFO : 00:00:15.520 : The rat position after failed is: (441, 214)
INFO : 00:00:15.560 : The rat position is: (426, 211) @ 316
INFO : 00:00:15.560 : The rat position after failed is: (426, 211)
INFO : 00:00:15.600 : The rat position is: (443, 212) @ 316
INFO : 00:00:15.600 : The rat position after failed is: (443, 212)
INFO : 00:00:15.640 : The rat position is: (443, 213) @ 316
INFO : 00:00:15.640 : The rat position after failed is: (443, 213)
INFO : 00:00:15.680 : The rat position is: (443, 213) @ 316
INFO : 00:00:15.680 : The rat position after failed is: (443, 213)
INFO : 00:00:15.720 : The rat position is: (443, 213) @ 316
INFO : 00:00:15.720 : The rat position after failed is: (443, 213)
INFO : 00:00:15.760 : The rat position is: (443, 214) @ 316
INFO : 00:00:15.760 : The rat position after failed is: (443, 214)
INFO : 00:00:15.800 : The rat position is: (443, 214) @ 316
INFO : 00:00:15.800 : The rat position after failed is: (443, 214)
INFO : 00:00:15.840 : The rat position is: (431, 210) @ 316
INFO : 00:00:15.840 : The rat position after failed is: (431, 210)
INFO : 00:00:15.880 : The rat position is: (431, 211) @ 316
INFO : 00:00:15.880 : The rat position after failed is: (431, 211)
INFO : 00:00:15.920 : The rat position is: (431, 211) @ 316
INFO : 00:00:15.920 : The rat position after failed is: (431, 211)
INFO : 00:00:15.960 : The rat position is: (431, 211) @ 316
INFO : 00:00:15.960 : The rat position after failed is: (431, 211)
INFO : 00:00:16.000 : The rat position is: (431, 211) @ 316
INFO : 00:00:16.000 : The rat position after failed is: (431, 211)
INFO : 00:00:16.040 : The rat position is: (431, 211) @ 316
INFO : 00:00:16.040 : The rat position after failed is: (431, 211)
INFO : 00:00:16.080 : The rat position is: (431, 211) @ 316
INFO : 00:00:16.080 : The rat position after failed is: (431, 211)
INFO : 00:00:16.120 : The rat position is: (431, 211) @ 316
INFO : 00:00:16.120 : The rat position after failed is: (431, 211)
INFO : 00:00:16.160 : The rat position is: (431, 211) @ 316
INFO : 00:00:16.160 : The rat position after failed is: (431, 211)
INFO : 00:00:16.200 : The rat position is: (444, 216) @ 316
INFO : 00:00:16.200 : The rat position after failed is: (444, 216)
INFO : 00:00:16.240 : The rat position is: (444, 216) @ 316
INFO : 00:00:16.240 : The rat position after failed is: (444, 216)
INFO : 00:00:16.280 : The rat position is: (444, 216) @ 316
INFO : 00:00:16.280 : The rat position after failed is: (444, 216)
INFO : 00:00:16.320 : The rat position is: (444, 216) @ 316
INFO : 00:00:16.320 : The rat position after failed is: (444, 216)
INFO : 00:00:16.360 : The rat position is: (444, 216) @ 316
INFO : 00:00:16.360 : The rat position after failed is: (444, 216)
INFO : 00:00:16.400 : The rat position is: (431, 212) @ 316
INFO : 00:00:16.400 : The rat position after failed is: (431, 212)
INFO : 00:00:16.440 : The rat position is: (431, 212) @ 316
INFO : 00:00:16.440 : The rat position after failed is: (431, 212)
INFO : 00:00:16.480 : The rat position is: (431, 212) @ 316
INFO : 00:00:16.480 : The rat position after failed is: (431, 212)
INFO : 00:00:16.520 : The rat position is: (431, 212) @ 316
INFO : 00:00:16.520 : The rat position after failed is: (431, 212)
INFO : 00:00:16.560 : The rat position is: (446, 218) @ 316
INFO : 00:00:16.560 : The rat position after failed is: (446, 218)
INFO : 00:00:16.600 : The rat position is: (446, 218) @ 316
INFO : 00:00:16.600 : The rat position after failed is: (446, 218)
INFO : 00:00:16.640 : The rat position is: (446, 218) @ 316
INFO : 00:00:16.640 : The rat position after failed is: (446, 218)
INFO : 00:00:16.680 : The rat position is: (447, 221) @ 316
INFO : 00:00:16.680 : The rat position after failed is: (447, 221)
INFO : 00:00:16.720 : The rat position is: (447, 221) @ 316
INFO : 00:00:16.720 : The rat position after failed is: (447, 221)
INFO : 00:00:16.760 : The rat position is: (434, 214) @ 316
INFO : 00:00:16.760 : The rat position after failed is: (434, 214)
INFO : 00:00:16.800 : The rat position is: (448, 222) @ 316
INFO : 00:00:16.800 : The rat position after failed is: (448, 222)
INFO : 00:00:16.840 : The rat position is: (448, 222) @ 316
INFO : 00:00:16.840 : The rat position after failed is: (448, 222)
INFO : 00:00:16.880 : The rat position is: (450, 225) @ 316
INFO : 00:00:16.880 : The rat position after failed is: (450, 225)
INFO : 00:00:16.920 : The rat position is: (450, 226) @ 316
INFO : 00:00:16.920 : The rat position after failed is: (450, 226)
INFO : 00:00:16.960 : The rat position is: (450, 226) @ 316
INFO : 00:00:16.960 : The rat position after failed is: (450, 226)
INFO : 00:00:17.000 : The rat position is: (451, 226) @ 316
INFO : 00:00:17.000 : The rat position after failed is: (451, 226)
INFO : 00:00:17.040 : The rat position is: (451, 226) @ 316
INFO : 00:00:17.040 : The rat position after failed is: (451, 226)
INFO : 00:00:17.080 : The rat position is: (452, 230) @ 316
INFO : 00:00:17.080 : The rat position after failed is: (452, 230)
INFO : 00:00:17.120 : The rat position is: (452, 230) @ 316
INFO : 00:00:17.120 : The rat position after failed is: (452, 230)
INFO : 00:00:17.160 : The rat position is: (453, 232) @ 316
INFO : 00:00:17.160 : The rat position after failed is: (453, 232)
INFO : 00:00:17.200 : The rat position is: (453, 232) @ 316
INFO : 00:00:17.200 : The rat position after failed is: (453, 232)
INFO : 00:00:17.240 : The rat position is: (453, 233) @ 316
INFO : 00:00:17.240 : The rat position after failed is: (453, 233)
INFO : 00:00:17.280 : The rat position is: (453, 233) @ 316
INFO : 00:00:17.280 : The rat position after failed is: (453, 233)
INFO : 00:00:17.320 : The rat position is: (453, 233) @ 316
INFO : 00:00:17.320 : The rat position after failed is: (453, 233)
INFO : 00:00:17.360 : The rat position is: (454, 233) @ 316
INFO : 00:00:17.360 : The rat position after failed is: (454, 233)
INFO : 00:00:17.400 : The rat position is: (453, 233) @ 316
INFO : 00:00:17.400 : The rat position after failed is: (453, 233)
INFO : 00:00:17.440 : The rat position is: (454, 233) @ 316
INFO : 00:00:17.440 : The rat position after failed is: (454, 233)
INFO : 00:00:17.480 : The rat position is: (454, 234) @ 316
INFO : 00:00:17.480 : The rat position after failed is: (454, 234)
INFO : 00:00:17.520 : The rat position is: (454, 235) @ 316
INFO : 00:00:17.520 : The rat position after failed is: (454, 235)
INFO : 00:00:17.560 : The rat position is: (454, 235) @ 316
INFO : 00:00:17.560 : The rat position after failed is: (454, 235)
INFO : 00:00:17.600 : The rat position is: (455, 236) @ 316
INFO : 00:00:17.600 : The rat position after failed is: (455, 236)
INFO : 00:00:17.640 : The rat position is: (455, 236) @ 316
INFO : 00:00:17.640 : The rat position after failed is: (455, 236)
INFO : 00:00:17.680 : The rat position is: (456, 236) @ 316
INFO : 00:00:17.680 : The rat position after failed is: (456, 236)
INFO : 00:00:17.720 : The rat position is: (456, 236) @ 316
INFO : 00:00:17.720 : The rat position after failed is: (456, 236)
INFO : 00:00:17.760 : The rat position is: (456, 237) @ 316
INFO : 00:00:17.760 : The rat position after failed is: (456, 237)
INFO : 00:00:17.800 : The rat position is: (456, 237) @ 316
INFO : 00:00:17.800 : The rat position after failed is: (456, 237)
INFO : 00:00:17.840 : The rat position is: (456, 237) @ 316
INFO : 00:00:17.840 : The rat position after failed is: (456, 237)
INFO : 00:00:17.880 : The rat position is: (456, 237) @ 316
INFO : 00:00:17.880 : The rat position after failed is: (456, 237)
INFO : 00:00:17.920 : The rat position is: (456, 237) @ 316
INFO : 00:00:17.920 : The rat position after failed is: (456, 237)
INFO : 00:00:17.960 : The rat position is: (456, 237) @ 316
INFO : 00:00:17.960 : The rat position after failed is: (456, 237)
INFO : 00:00:18.000 : The rat position is: (456, 237) @ 316
INFO : 00:00:18.000 : The rat position after failed is: (456, 237)
INFO : 00:00:18.040 : The rat position is: (456, 237) @ 316
INFO : 00:00:18.040 : The rat position after failed is: (456, 237)
INFO : 00:00:18.080 : The rat position is: (456, 237) @ 316
INFO : 00:00:18.080 : The rat position after failed is: (456, 237)
INFO : 00:00:18.120 : The rat position is: (456, 238) @ 316
INFO : 00:00:18.120 : The rat position after failed is: (456, 238)
INFO : 00:00:18.160 : The rat position is: (456, 238) @ 316
INFO : 00:00:18.160 : The rat position after failed is: (456, 238)
INFO : 00:00:18.200 : The rat position is: (456, 238) @ 316
INFO : 00:00:18.200 : The rat position after failed is: (456, 238)
INFO : 00:00:18.240 : The rat position is: (456, 238) @ 316
INFO : 00:00:18.240 : The rat position after failed is: (456, 238)
INFO : 00:00:18.280 : The rat position is: (456, 238) @ 316
INFO : 00:00:18.280 : The rat position after failed is: (456, 238)
INFO : 00:00:18.320 : The rat position is: (456, 238) @ 316
INFO : 00:00:18.320 : The rat position after failed is: (456, 238)
INFO : 00:00:18.360 : The rat position is: (456, 238) @ 316
INFO : 00:00:18.360 : The rat position after failed is: (456, 238)
INFO : 00:00:18.400 : The rat position is: (456, 238) @ 316
INFO : 00:00:18.400 : The rat position after failed is: (456, 238)
INFO : 00:00:18.440 : The rat position is: (456, 238) @ 316
INFO : 00:00:18.440 : The rat position after failed is: (456, 238)
INFO : 00:00:18.480 : The rat position is: (456, 238) @ 316
INFO : 00:00:18.480 : The rat position after failed is: (456, 238)
INFO : 00:00:18.520 : The rat position is: (456, 238) @ 316
INFO : 00:00:18.520 : The rat position after failed is: (456, 238)
INFO : 00:00:18.560 : The rat position is: (457, 238) @ 316
INFO : 00:00:18.560 : The rat position after failed is: (457, 238)
INFO : 00:00:18.600 : The rat position is: (456, 238) @ 316
INFO : 00:00:18.600 : The rat position after failed is: (456, 238)
INFO : 00:00:18.640 : The rat position is: (456, 238) @ 316
INFO : 00:00:18.640 : The rat position after failed is: (456, 238)
INFO : 00:00:18.680 : The rat position is: (456, 238) @ 316
INFO : 00:00:18.680 : The rat position after failed is: (456, 238)
INFO : 00:00:18.720 : The rat position is: (456, 239) @ 316
INFO : 00:00:18.720 : The rat position after failed is: (456, 239)
INFO : 00:00:18.760 : The rat position is: (456, 238) @ 316
INFO : 00:00:18.760 : The rat position after failed is: (456, 238)
INFO : 00:00:18.800 : The rat position is: (456, 238) @ 316
INFO : 00:00:18.800 : The rat position after failed is: (456, 238)
INFO : 00:00:18.840 : The rat position is: (456, 238) @ 316
INFO : 00:00:18.840 : The rat position after failed is: (456, 238)
INFO : 00:00:18.880 : The rat position is: (457, 239) @ 316
INFO : 00:00:18.880 : The rat position after failed is: (457, 239)
INFO : 00:00:18.920 : The rat position is: (457, 239) @ 316
INFO : 00:00:18.920 : The rat position after failed is: (457, 239)
INFO : 00:00:18.960 : The rat position is: (457, 239) @ 316
INFO : 00:00:18.960 : The rat position after failed is: (457, 239)
INFO : 00:00:19.000 : The rat position is: (457, 239) @ 316
INFO : 00:00:19.000 : The rat position after failed is: (457, 239)
INFO : 00:00:19.040 : The rat position is: (457, 239) @ 316
INFO : 00:00:19.040 : The rat position after failed is: (457, 239)
INFO : 00:00:19.080 : The rat position is: (457, 239) @ 316
INFO : 00:00:19.080 : The rat position after failed is: (457, 239)
INFO : 00:00:19.120 : The rat position is: (457, 240) @ 316
INFO : 00:00:19.120 : The rat position after failed is: (457, 240)
INFO : 00:00:19.160 : The rat position is: (457, 240) @ 316
INFO : 00:00:19.160 : The rat position after failed is: (457, 240)
INFO : 00:00:19.200 : The rat position is: (457, 239) @ 316
INFO : 00:00:19.200 : The rat position after failed is: (457, 239)
INFO : 00:00:19.240 : The rat position is: (458, 240) @ 316
INFO : 00:00:19.240 : The rat position after failed is: (458, 240)
INFO : 00:00:19.280 : The rat position is: (458, 240) @ 316
INFO : 00:00:19.280 : The rat position after failed is: (458, 240)
INFO : 00:00:19.320 : The rat position is: (458, 240) @ 316
INFO : 00:00:19.320 : The rat position after failed is: (458, 240)
INFO : 00:00:19.360 : The rat position is: (458, 241) @ 316
INFO : 00:00:19.360 : The rat position after failed is: (458, 241)
INFO : 00:00:19.400 : The rat position is: (458, 240) @ 316
INFO : 00:00:19.400 : The rat position after failed is: (458, 240)
INFO : 00:00:19.440 : The rat position is: (459, 241) @ 316
INFO : 00:00:19.440 : The rat position after failed is: (459, 241)
INFO : 00:00:19.480 : The rat position is: (458, 241) @ 316
INFO : 00:00:19.480 : The rat position after failed is: (458, 241)
INFO : 00:00:19.520 : The rat position is: (458, 241) @ 316
INFO : 00:00:19.520 : The rat position after failed is: (458, 241)
INFO : 00:00:19.560 : The rat position is: (452, 238) @ 316
INFO : 00:00:19.560 : The rat position after failed is: (452, 238)
INFO : 00:00:19.600 : The rat position is: (452, 238) @ 316
INFO : 00:00:19.600 : The rat position after failed is: (452, 238)
INFO : 00:00:19.640 : The rat position is: (458, 241) @ 316
INFO : 00:00:19.640 : The rat position after failed is: (458, 241)
INFO : 00:00:19.680 : The rat position is: (458, 240) @ 316
INFO : 00:00:19.680 : The rat position after failed is: (458, 240)
INFO : 00:00:19.720 : The rat position is: (459, 241) @ 316
INFO : 00:00:19.720 : The rat position after failed is: (459, 241)
INFO : 00:00:19.760 : The rat position is: (458, 241) @ 316
INFO : 00:00:19.760 : The rat position after failed is: (458, 241)
INFO : 00:00:19.800 : The rat position is: (458, 240) @ 316
INFO : 00:00:19.800 : The rat position after failed is: (458, 240)
INFO : 00:00:19.840 : The rat position is: (459, 241) @ 316
INFO : 00:00:19.840 : The rat position after failed is: (459, 241)
INFO : 00:00:19.880 : The rat position is: (458, 240) @ 316
INFO : 00:00:19.880 : The rat position after failed is: (458, 240)
INFO : 00:00:19.920 : The rat position is: (458, 240) @ 316
INFO : 00:00:19.920 : The rat position after failed is: (458, 240)
INFO : 00:00:19.960 : The rat position is: (458, 240) @ 316
INFO : 00:00:19.960 : The rat position after failed is: (458, 240)
INFO : 00:00:20.000 : The rat position is: (458, 240) @ 316
INFO : 00:00:20.000 : The rat position after failed is: (458, 240)
INFO : 00:00:20.040 : The rat position is: (458, 241) @ 316
INFO : 00:00:20.040 : The rat position after failed is: (458, 241)
INFO : 00:00:20.080 : The rat position is: (458, 241) @ 316
INFO : 00:00:20.080 : The rat position after failed is: (458, 241)
INFO : 00:00:20.120 : The rat position is: (459, 241) @ 316
INFO : 00:00:20.120 : The rat position after failed is: (459, 241)
INFO : 00:00:20.160 : The rat position is: (459, 241) @ 316
INFO : 00:00:20.160 : The rat position after failed is: (459, 241)
INFO : 00:00:20.200 : The rat position is: (459, 241) @ 316
INFO : 00:00:20.200 : The rat position after failed is: (459, 241)
INFO : 00:00:20.240 : The rat position is: (459, 241) @ 316
INFO : 00:00:20.240 : The rat position after failed is: (459, 241)
INFO : 00:00:20.280 : The rat position is: (459, 241) @ 316
INFO : 00:00:20.280 : The rat position after failed is: (459, 241)
INFO : 00:00:20.320 : The rat position is: (458, 240) @ 316
INFO : 00:00:20.320 : The rat position after failed is: (458, 240)
INFO : 00:00:20.360 : The rat position is: (458, 240) @ 316
INFO : 00:00:20.360 : The rat position after failed is: (458, 240)
INFO : 00:00:20.400 : The rat position is: (458, 240) @ 316
INFO : 00:00:20.400 : The rat position after failed is: (458, 240)
INFO : 00:00:20.440 : The rat position is: (458, 240) @ 316
INFO : 00:00:20.440 : The rat position after failed is: (458, 240)
INFO : 00:00:20.480 : The rat position is: (457, 238) @ 316
INFO : 00:00:20.480 : The rat position after failed is: (457, 238)
INFO : 00:00:20.520 : The rat position is: (458, 239) @ 316
INFO : 00:00:20.520 : The rat position after failed is: (458, 239)
INFO : 00:00:20.560 : The rat position is: (459, 240) @ 316
INFO : 00:00:20.560 : The rat position after failed is: (459, 240)
INFO : 00:00:20.600 : The rat position is: (459, 240) @ 316
INFO : 00:00:20.600 : The rat position after failed is: (459, 240)
INFO : 00:00:20.640 : The rat position is: (459, 240) @ 316
INFO : 00:00:20.640 : The rat position after failed is: (459, 240)
INFO : 00:00:20.680 : The rat position is: (460, 240) @ 316
INFO : 00:00:20.680 : The rat position after failed is: (460, 240)
INFO : 00:00:20.720 : The rat position is: (460, 240) @ 316
INFO : 00:00:20.720 : The rat position after failed is: (460, 240)
INFO : 00:00:20.760 : The rat position is: (460, 240) @ 316
INFO : 00:00:20.760 : The rat position after failed is: (460, 240)
INFO : 00:00:20.800 : The rat position is: (460, 240) @ 316
INFO : 00:00:20.800 : The rat position after failed is: (460, 240)
INFO : 00:00:20.840 : The rat position is: (460, 240) @ 316
INFO : 00:00:20.840 : The rat position after failed is: (460, 240)
INFO : 00:00:20.880 : The rat position is: (460, 240) @ 316
INFO : 00:00:20.880 : The rat position after failed is: (460, 240)
INFO : 00:00:20.920 : The rat position is: (460, 240) @ 316
INFO : 00:00:20.920 : The rat position after failed is: (460, 240)
INFO : 00:00:20.960 : The rat position is: (460, 240) @ 316
INFO : 00:00:20.960 : The rat position after failed is: (460, 240)
INFO : 00:00:21.000 : The rat position is: (460, 240) @ 316
INFO : 00:00:21.000 : The rat position after failed is: (460, 240)
INFO : 00:00:21.040 : The rat position is: (461, 240) @ 316
INFO : 00:00:21.040 : The rat position after failed is: (461, 240)
INFO : 00:00:21.080 : The rat position is: (461, 240) @ 316
INFO : 00:00:21.080 : The rat position after failed is: (461, 240)
INFO : 00:00:21.120 : The rat position is: (461, 241) @ 316
INFO : 00:00:21.120 : The rat position after failed is: (461, 241)
INFO : 00:00:21.160 : The rat position is: (461, 240) @ 316
INFO : 00:00:21.160 : The rat position after failed is: (461, 240)
INFO : 00:00:21.200 : The rat position is: (461, 241) @ 316
INFO : 00:00:21.200 : The rat position after failed is: (461, 241)
INFO : 00:00:21.240 : The rat position is: (461, 240) @ 316
INFO : 00:00:21.240 : The rat position after failed is: (461, 240)
INFO : 00:00:21.280 : The rat position is: (461, 240) @ 316
INFO : 00:00:21.280 : The rat position after failed is: (461, 240)
INFO : 00:00:21.320 : The rat position is: (461, 240) @ 316
INFO : 00:00:21.320 : The rat position after failed is: (461, 240)
INFO : 00:00:21.360 : The rat position is: (462, 241) @ 316
INFO : 00:00:21.360 : The rat position after failed is: (462, 241)
INFO : 00:00:21.400 : The rat position is: (461, 240) @ 316
INFO : 00:00:21.400 : The rat position after failed is: (461, 240)
INFO : 00:00:21.440 : The rat position is: (461, 240) @ 316
INFO : 00:00:21.440 : The rat position after failed is: (461, 240)
INFO : 00:00:21.480 : The rat position is: (469, 250) @ 317
INFO : 00:00:21.480 : The rat position after failed is: (469, 250)
INFO : 00:00:21.520 : The rat position is: (470, 248) @ 317
INFO : 00:00:21.520 : The rat position after failed is: (470, 248)
INFO : 00:00:21.560 : The rat position is: (472, 249) @ 317
INFO : 00:00:21.560 : The rat position after failed is: (472, 249)
INFO : 00:00:21.600 : The rat position is: (473, 252) @ 317
INFO : 00:00:21.600 : The rat position after failed is: (473, 252)
INFO : 00:00:21.640 : The rat position is: (474, 253) @ 317
INFO : 00:00:21.640 : The rat position after failed is: (474, 253)
INFO : 00:00:21.680 : The rat position is: (474, 254) @ 317
INFO : 00:00:21.680 : The rat position after failed is: (474, 254)
INFO : 00:00:21.720 : The rat position is: (475, 253) @ 317
INFO : 00:00:21.720 : The rat position after failed is: (475, 253)
INFO : 00:00:21.760 : The rat position is: (475, 254) @ 317
INFO : 00:00:21.760 : The rat position after failed is: (475, 254)
INFO : 00:00:21.800 : The rat position is: (475, 254) @ 317
INFO : 00:00:21.800 : The rat position after failed is: (475, 254)
INFO : 00:00:21.840 : The rat position is: (475, 254) @ 317
INFO : 00:00:21.840 : The rat position after failed is: (475, 254)
INFO : 00:00:21.880 : The rat position is: (478, 254) @ 317
INFO : 00:00:21.880 : The rat position after failed is: (478, 254)
INFO : 00:00:21.920 : The rat position is: (478, 254) @ 317
INFO : 00:00:21.920 : The rat position after failed is: (478, 254)
INFO : 00:00:21.960 : The rat position is: (480, 256) @ 317
INFO : 00:00:21.960 : The rat position after failed is: (480, 256)
INFO : 00:00:22.000 : The rat position is: (496, 262) @ 317
INFO : 00:00:22.000 : The rat position after failed is: (496, 262)
INFO : 00:00:22.040 : The rat position is: (498, 262) @ 317
INFO : 00:00:22.040 : The rat position after failed is: (498, 262)
INFO : 00:00:22.080 : The rat position is: (498, 262) @ 317
INFO : 00:00:22.080 : The rat position after failed is: (498, 262)
INFO : 00:00:22.120 : The rat position is: (499, 262) @ 317
INFO : 00:00:22.120 : The rat position after failed is: (499, 262)
INFO : 00:00:22.160 : The rat position is: (499, 262) @ 317
INFO : 00:00:22.160 : The rat position after failed is: (499, 262)
INFO : 00:00:22.200 : The rat position is: (499, 262) @ 317
INFO : 00:00:22.200 : The rat position after failed is: (499, 262)
INFO : 00:00:22.240 : The rat position is: (500, 262) @ 317
INFO : 00:00:22.240 : The rat position after failed is: (500, 262)
INFO : 00:00:22.280 : The rat position is: (500, 262) @ 317
INFO : 00:00:22.280 : The rat position after failed is: (500, 262)
INFO : 00:00:22.320 : The rat position is: (500, 262) @ 317
INFO : 00:00:22.320 : The rat position after failed is: (500, 262)
INFO : 00:00:22.360 : The rat position is: (500, 262) @ 317
INFO : 00:00:22.360 : The rat position after failed is: (500, 262)
INFO : 00:00:22.400 : The rat position is: (500, 262) @ 317
INFO : 00:00:22.400 : The rat position after failed is: (500, 262)
INFO : 00:00:22.440 : The rat position is: (501, 262) @ 317
INFO : 00:00:22.440 : The rat position after failed is: (501, 262)
INFO : 00:00:22.480 : The rat position is: (501, 262) @ 317
INFO : 00:00:22.480 : The rat position after failed is: (501, 262)
INFO : 00:00:22.520 : The rat position is: (502, 262) @ 317
INFO : 00:00:22.520 : The rat position after failed is: (502, 262)
INFO : 00:00:22.560 : The rat position is: (503, 262) @ 317
INFO : 00:00:22.560 : The rat position after failed is: (503, 262)
INFO : 00:00:22.600 : The rat position is: (503, 262) @ 317
INFO : 00:00:22.600 : The rat position after failed is: (503, 262)
INFO : 00:00:22.640 : The rat position is: (504, 262) @ 317
INFO : 00:00:22.640 : The rat position after failed is: (504, 262)
INFO : 00:00:22.680 : The rat position is: (505, 262) @ 317
INFO : 00:00:22.680 : The rat position after failed is: (505, 262)
INFO : 00:00:22.720 : The rat position is: (505, 262) @ 317
INFO : 00:00:22.720 : The rat position after failed is: (505, 262)
INFO : 00:00:22.760 : The rat position is: (505, 262) @ 317
INFO : 00:00:22.760 : The rat position after failed is: (505, 262)
INFO : 00:00:22.800 : The rat position is: (506, 262) @ 317
INFO : 00:00:22.800 : The rat position after failed is: (506, 262)
INFO : 00:00:22.840 : The rat position is: (506, 262) @ 317
INFO : 00:00:22.840 : The rat position after failed is: (506, 262)
INFO : 00:00:22.880 : The rat position is: (523, 261) @ 310
INFO : 00:00:22.880 : The rat position after failed is: (523, 261)
INFO : 00:00:22.920 : The rat position is: (512, 261) @ 310
INFO : 00:00:22.920 : The rat position after failed is: (512, 261)
INFO : 00:00:22.960 : The rat position is: (516, 260) @ 310
INFO : 00:00:22.960 : The rat position after failed is: (516, 260)
INFO : 00:00:23.000 : The rat position is: (516, 260) @ 310
INFO : 00:00:23.000 : The rat position after failed is: (516, 260)
INFO : 00:00:23.040 : The rat position is: (518, 259) @ 310
INFO : 00:00:23.040 : The rat position after failed is: (518, 259)
INFO : 00:00:23.080 : The rat position is: (520, 257) @ 310
INFO : 00:00:23.080 : The rat position after failed is: (520, 257)
INFO : 00:00:23.120 : The rat position is: (528, 254) @ 310
INFO : 00:00:23.120 : The rat position after failed is: (528, 254)
INFO : 00:00:23.160 : The rat position is: (530, 252) @ 310
INFO : 00:00:23.160 : The rat position after failed is: (530, 252)
INFO : 00:00:23.200 : The rat position is: (526, 257) @ 310
INFO : 00:00:23.200 : The rat position after failed is: (526, 257)
INFO : 00:00:23.240 : The rat position is: (536, 247) @ 310
INFO : 00:00:23.240 : The rat position after failed is: (536, 247)
INFO : 00:00:23.280 : The rat position is: (539, 243) @ 310
INFO : 00:00:23.280 : The rat position after failed is: (539, 243)
INFO : 00:00:23.320 : The rat position is: (541, 241) @ 310
INFO : 00:00:23.320 : The rat position after failed is: (541, 241)
INFO : 00:00:23.360 : The rat position is: (543, 238) @ 310
INFO : 00:00:23.360 : The rat position after failed is: (543, 238)
INFO : 00:00:23.400 : The rat position is: (544, 236) @ 310
INFO : 00:00:23.400 : The rat position after failed is: (544, 236)
INFO : 00:00:23.440 : The rat position is: (545, 234) @ 310
INFO : 00:00:23.440 : The rat position after failed is: (545, 234)
INFO : 00:00:23.480 : The rat position is: (548, 229) @ 309
INFO : 00:00:23.480 : The rat position after failed is: (548, 229)
INFO : 00:00:23.520 : The rat position is: (548, 229) @ 309
INFO : 00:00:23.520 : The rat position after failed is: (548, 229)
INFO : 00:00:23.560 : The rat position is: (550, 227) @ 309
INFO : 00:00:23.560 : The rat position after failed is: (550, 227)
INFO : 00:00:23.600 : The rat position is: (550, 226) @ 309
INFO : 00:00:23.600 : The rat position after failed is: (550, 226)
INFO : 00:00:23.640 : The rat position is: (550, 226) @ 309
INFO : 00:00:23.640 : The rat position after failed is: (550, 226)
INFO : 00:00:23.680 : The rat position is: (556, 221) @ 309
INFO : 00:00:23.680 : The rat position after failed is: (556, 221)
INFO : 00:00:23.720 : The rat position is: (557, 220) @ 309
INFO : 00:00:23.720 : The rat position after failed is: (557, 220)
INFO : 00:00:23.760 : The rat position is: (557, 220) @ 309
INFO : 00:00:23.760 : The rat position after failed is: (557, 220)
INFO : 00:00:23.800 : The rat position is: (577, 219) @ 309
INFO : 00:00:23.800 : The rat position after failed is: (577, 219)
INFO : 00:00:23.840 : The rat position is: (577, 219) @ 309
INFO : 00:00:23.840 : The rat position after failed is: (577, 219)
INFO : 00:00:23.880 : The rat position is: (553, 223) @ 309
INFO : 00:00:23.880 : The rat position after failed is: (553, 223)
INFO : 00:00:23.920 : The rat position is: (567, 215) @ 309
INFO : 00:00:23.920 : The rat position after failed is: (567, 215)
INFO : 00:00:23.960 : The rat position is: (569, 214) @ 309
INFO : 00:00:23.960 : The rat position after failed is: (569, 214)
INFO : 00:00:24.000 : The rat position is: (572, 215) @ 309
INFO : 00:00:24.000 : The rat position after failed is: (572, 215)
INFO : 00:00:24.040 : The rat position is: (572, 215) @ 309
INFO : 00:00:24.040 : The rat position after failed is: (572, 215)
INFO : 00:00:24.080 : The rat position is: (585, 211) @ 309
INFO : 00:00:24.080 : The rat position after failed is: (585, 211)
INFO : 00:00:24.120 : The rat position is: (586, 211) @ 303
INFO : 00:00:24.120 : The rat position after failed is: (586, 211)
INFO : 00:00:24.160 : The rat position is: (586, 211) @ 303
INFO : 00:00:24.160 : The rat position after failed is: (586, 211)
INFO : 00:00:24.200 : The rat position is: (596, 210) @ 303
INFO : 00:00:24.200 : The rat position after failed is: (596, 210)
INFO : 00:00:24.240 : The rat position is: (596, 210) @ 303
INFO : 00:00:24.240 : The rat position after failed is: (596, 210)
INFO : 00:00:24.280 : The rat position is: (601, 207) @ 303
INFO : 00:00:24.280 : The rat position after failed is: (601, 207)
INFO : 00:00:24.320 : The rat position is: (602, 205) @ 303
INFO : 00:00:24.320 : The rat position after failed is: (602, 205)
INFO : 00:00:24.360 : The rat position is: (605, 203) @ 303
INFO : 00:00:24.360 : The rat position after failed is: (605, 203)
INFO : 00:00:24.400 : The rat position is: (599, 210) @ 303
INFO : 00:00:24.400 : The rat position after failed is: (599, 210)
INFO : 00:00:24.440 : The rat position is: (612, 196) @ 303
INFO : 00:00:24.440 : The rat position after failed is: (612, 196)
INFO : 00:00:24.480 : The rat position is: (615, 191) @ 303
INFO : 00:00:24.480 : The rat position after failed is: (615, 191)
INFO : 00:00:24.520 : The rat position is: (619, 185) @ 303
INFO : 00:00:24.520 : The rat position after failed is: (619, 185)
INFO : 00:00:24.560 : The rat position is: (619, 185) @ 303
INFO : 00:00:24.560 : The rat position after failed is: (619, 185)
INFO : 00:00:24.600 : The rat position is: (621, 181) @ 303
INFO : 00:00:24.600 : The rat position after failed is: (621, 181)
INFO : 00:00:24.640 : The rat position is: (622, 179) @ 302
INFO : 00:00:24.640 : The rat position after failed is: (622, 179)
INFO : 00:00:24.680 : The rat position is: (629, 161) @ 302
INFO : 00:00:24.680 : The rat position after failed is: (629, 161)
INFO : 00:00:24.720 : The rat position is: (629, 161) @ 302
INFO : 00:00:24.720 : The rat position after failed is: (629, 161)
INFO : 00:00:24.760 : The rat position is: (631, 159) @ 302
INFO : 00:00:24.760 : The rat position after failed is: (631, 159)
INFO : 00:00:24.800 : The rat position is: (634, 168) @ 302
INFO : 00:00:24.800 : The rat position after failed is: (634, 168)
INFO : 00:00:24.840 : The rat position is: (639, 164) @ 302
INFO : 00:00:24.840 : The rat position after failed is: (639, 164)
INFO : 00:00:24.880 : The rat position is: (649, 161) @ 302
INFO : 00:00:24.880 : The rat position after failed is: (649, 161)
INFO : 00:00:24.920 : The rat position is: (659, 160) @ 302
INFO : 00:00:24.920 : The rat position after failed is: (659, 160)
INFO : 00:00:24.960 : The rat position is: (661, 160) @ 302
INFO : 00:00:24.960 : The rat position after failed is: (661, 160)
INFO : 00:00:25.000 : The rat position is: (661, 160) @ 302
INFO : 00:00:25.000 : The rat position after failed is: (661, 160)
INFO : 00:00:25.040 : The rat position is: (666, 160) @ 302
INFO : 00:00:25.040 : The rat position after failed is: (666, 160)
INFO : 00:00:25.080 : The rat position is: (683, 160) @ 302
INFO : 00:00:25.080 : The rat position after failed is: (683, 160)
INFO : 00:00:25.120 : The rat position is: (695, 160) @ 302
INFO : 00:00:25.120 : The rat position after failed is: (695, 160)
INFO : 00:00:25.160 : The rat position is: (695, 160) @ 302
INFO : 00:00:25.160 : The rat position after failed is: (695, 160)
INFO : 00:00:25.200 : The rat position is: (702, 159) @ 302
INFO : 00:00:25.200 : The rat position after failed is: (702, 159)
INFO : 00:00:25.240 : The rat position is: (708, 159) @ 302
INFO : 00:00:25.240 : The rat position after failed is: (708, 159)
INFO : 00:00:25.280 : The rat position is: (723, 160) @ 302
INFO : 00:00:25.280 : The rat position after failed is: (723, 160)
INFO : 00:00:25.320 : The rat position is: (738, 160) @ 302
INFO : 00:00:25.320 : The rat position after failed is: (738, 160)
INFO : 00:00:25.360 : The rat position is: (738, 160) @ 302
INFO : 00:00:25.360 : The rat position after failed is: (738, 160)
INFO : 00:00:25.400 : The rat position is: (744, 160) @ 302
INFO : 00:00:25.400 : The rat position after failed is: (744, 160)
INFO : 00:00:25.440 : The rat position is: (752, 160) @ 302
INFO : 00:00:25.440 : The rat position after failed is: (752, 160)
INFO : 00:00:25.480 : The rat position is: (765, 160) @ 302
INFO : 00:00:25.480 : The rat position after failed is: (765, 160)
INFO : 00:00:25.520 : The rat position is: (765, 160) @ 302
INFO : 00:00:25.520 : The rat position after failed is: (765, 160)
INFO : 00:00:25.560 : The rat position is: (769, 161) @ 302
INFO : 00:00:25.560 : The rat position after failed is: (769, 161)
INFO : 00:00:25.600 : The rat position is: (780, 161) @ 302
INFO : 00:00:25.600 : The rat position after failed is: (780, 161)
INFO : 00:00:25.640 : The rat position is: (785, 162) @ 302
INFO : 00:00:25.640 : The rat position after failed is: (785, 162)
INFO : 00:00:25.680 : The rat position is: (800, 162) @ 302
INFO : 00:00:25.680 : The rat position after failed is: (800, 162)
INFO : 00:00:25.720 : The rat position is: (806, 162) @ 302
INFO : 00:00:25.720 : The rat position after failed is: (806, 162)
INFO : 00:00:25.760 : The rat position is: (813, 162) @ 302
INFO : 00:00:25.760 : The rat position after failed is: (813, 162)
INFO : 00:00:25.800 : The rat position is: (819, 163) @ 302
INFO : 00:00:25.800 : The rat position after failed is: (819, 163)
INFO : 00:00:25.840 : The rat position is: (824, 163) @ 302
INFO : 00:00:25.840 : The rat position after failed is: (824, 163)
INFO : 00:00:25.880 : The rat position is: (833, 162) @ 302
INFO : 00:00:25.880 : The rat position after failed is: (833, 162)
INFO : 00:00:25.920 : The rat position is: (839, 162) @ 302
INFO : 00:00:25.920 : The rat position after failed is: (839, 162)
INFO : 00:00:25.960 : The rat position is: (850, 162) @ 302
INFO : 00:00:25.960 : The rat position after failed is: (850, 162)
INFO : 00:00:26.000 : The rat position is: (855, 162) @ 302
INFO : 00:00:26.000 : The rat position after failed is: (855, 162)
INFO : 00:00:26.040 : The rat position is: (858, 162) @ 302
INFO : 00:00:26.040 : The rat position after failed is: (858, 162)
INFO : 00:00:26.080 : The rat position is: (863, 162) @ 302
INFO : 00:00:26.080 : The rat position after failed is: (863, 162)
INFO : 00:00:26.120 : The rat position is: (866, 162) @ 302
INFO : 00:00:26.120 : The rat position after failed is: (866, 162)
INFO : 00:00:26.160 : The rat position is: (870, 162) @ 302
INFO : 00:00:26.160 : The rat position after failed is: (870, 162)
INFO : 00:00:26.200 : The rat position is: (876, 163) @ 121
INFO : 00:00:26.200 : The rat position after failed is: (876, 163)
INFO : 00:00:26.240 : The rat position is: (879, 163) @ 121
INFO : 00:00:26.240 : The rat position after failed is: (879, 163)
INFO : 00:00:26.280 : The rat position is: (888, 167) @ 121
INFO : 00:00:26.280 : The rat position after failed is: (888, 167)
INFO : 00:00:26.320 : The rat position is: (895, 173) @ 121
INFO : 00:00:26.320 : The rat position after failed is: (895, 173)
INFO : 00:00:26.360 : The rat position is: (897, 175) @ 121
INFO : 00:00:26.360 : The rat position after failed is: (897, 175)
INFO : 00:00:26.400 : The rat position is: (899, 177) @ 121
INFO : 00:00:26.400 : The rat position after failed is: (899, 177)
INFO : 00:00:26.440 : The rat position is: (901, 180) @ 121
INFO : 00:00:26.440 : The rat position after failed is: (901, 180)
INFO : 00:00:26.480 : The rat position is: (906, 188) @ 121
INFO : 00:00:26.480 : The rat position after failed is: (906, 188)
INFO : 00:00:26.520 : The rat position is: (904, 184) @ 121
INFO : 00:00:26.520 : The rat position after failed is: (904, 184)
INFO : 00:00:26.560 : The rat position is: (907, 188) @ 121
INFO : 00:00:26.560 : The rat position after failed is: (907, 188)
INFO : 00:00:26.600 : The rat position is: (907, 191) @ 121
INFO : 00:00:26.600 : The rat position after failed is: (907, 191)
INFO : 00:00:26.640 : The rat position is: (913, 198) @ 122
INFO : 00:00:26.640 : The rat position after failed is: (913, 198)
INFO : 00:00:26.680 : The rat position is: (914, 200) @ 122
INFO : 00:00:26.680 : The rat position after failed is: (914, 200)
INFO : 00:00:26.720 : The rat position is: (916, 202) @ 122
INFO : 00:00:26.720 : The rat position after failed is: (916, 202)
INFO : 00:00:26.760 : The rat position is: (920, 205) @ 122
INFO : 00:00:26.760 : The rat position after failed is: (920, 205)
INFO : 00:00:26.800 : The rat position is: (921, 207) @ 122
INFO : 00:00:26.800 : The rat position after failed is: (921, 207)
INFO : 00:00:26.840 : The rat position is: (924, 208) @ 122
INFO : 00:00:26.840 : The rat position after failed is: (924, 208)
INFO : 00:00:26.880 : The rat position is: (929, 210) @ 122
INFO : 00:00:26.880 : The rat position after failed is: (929, 210)
INFO : 00:00:26.920 : The rat position is: (935, 212) @ 122
INFO : 00:00:26.920 : The rat position after failed is: (935, 212)
INFO : 00:00:26.960 : The rat position is: (938, 212) @ 122
INFO : 00:00:26.960 : The rat position after failed is: (938, 212)
INFO : 00:00:27.000 : The rat position is: (941, 212) @ 122
INFO : 00:00:27.000 : The rat position after failed is: (941, 212)
INFO : 00:00:27.040 : The rat position is: (943, 213) @ 122
INFO : 00:00:27.040 : The rat position after failed is: (943, 213)
INFO : 00:00:27.080 : The rat position is: (948, 212) @ 122
INFO : 00:00:27.080 : The rat position after failed is: (948, 212)
INFO : 00:00:27.120 : The rat position is: (955, 210) @ 116
INFO : 00:00:27.120 : The rat position after failed is: (955, 210)
INFO : 00:00:27.160 : The rat position is: (961, 207) @ 116
INFO : 00:00:27.160 : The rat position after failed is: (961, 207)
INFO : 00:00:27.200 : The rat position is: (964, 206) @ 116
INFO : 00:00:27.200 : The rat position after failed is: (964, 206)
INFO : 00:00:27.240 : The rat position is: (967, 203) @ 116
INFO : 00:00:27.240 : The rat position after failed is: (967, 203)
INFO : 00:00:27.280 : The rat position is: (972, 198) @ 116
INFO : 00:00:27.280 : The rat position after failed is: (972, 198)
INFO : 00:00:27.320 : The rat position is: (979, 189) @ 116
INFO : 00:00:27.320 : The rat position after failed is: (979, 189)
INFO : 00:00:27.360 : The rat position is: (981, 186) @ 116
INFO : 00:00:27.360 : The rat position after failed is: (981, 186)
INFO : 00:00:27.400 : The rat position is: (985, 179) @ 116
INFO : 00:00:27.400 : The rat position after failed is: (985, 179)
INFO : 00:00:27.440 : The rat position is: (987, 176) @ 116
INFO : 00:00:27.440 : The rat position after failed is: (987, 176)
INFO : 00:00:27.480 : The rat position is: (990, 172) @ 115
INFO : 00:00:27.480 : The rat position after failed is: (990, 172)
INFO : 00:00:27.520 : The rat position is: (988, 175) @ 115
INFO : 00:00:27.520 : The rat position after failed is: (988, 175)
INFO : 00:00:27.560 : The rat position is: (990, 172) @ 115
INFO : 00:00:27.560 : The rat position after failed is: (990, 172)
INFO : 00:00:27.600 : The rat position is: (996, 155) @ 115
INFO : 00:00:27.600 : The rat position after failed is: (996, 155)
INFO : 00:00:27.640 : The rat position is: (996, 155) @ 115
INFO : 00:00:27.640 : The rat position after failed is: (996, 155)
INFO : 00:00:27.680 : The rat position is: (1001, 159) @ 115
INFO : 00:00:27.680 : The rat position after failed is: (1001, 159)
INFO : 00:00:27.720 : The rat position is: (1003, 158) @ 115
INFO : 00:00:27.720 : The rat position after failed is: (1003, 158)
INFO : 00:00:27.760 : The rat position is: (1005, 157) @ 115
INFO : 00:00:27.760 : The rat position after failed is: (1005, 157)
INFO : 00:00:27.800 : The rat position is: (1010, 156) @ 115
INFO : 00:00:27.800 : The rat position after failed is: (1010, 156)
INFO : 00:00:27.840 : The rat position is: (1013, 156) @ 115
INFO : 00:00:27.840 : The rat position after failed is: (1013, 156)
INFO : 00:00:27.880 : The rat position is: (1020, 153) @ 115
INFO : 00:00:27.880 : The rat position after failed is: (1020, 153)
INFO : 00:00:27.920 : The rat position is: (1023, 153) @ 115
INFO : 00:00:27.920 : The rat position after failed is: (1023, 153)
INFO : 00:00:27.960 : The rat position is: (1026, 154) @ 115
INFO : 00:00:27.960 : The rat position after failed is: (1026, 154)
INFO : 00:00:28.000 : The rat position is: (1030, 154) @ 108
INFO : 00:00:28.000 : The rat position after failed is: (1030, 154)
INFO : 00:00:28.040 : The rat position is: (1039, 158) @ 108
INFO : 00:00:28.040 : The rat position after failed is: (1039, 158)
INFO : 00:00:28.080 : The rat position is: (1043, 160) @ 108
INFO : 00:00:28.080 : The rat position after failed is: (1043, 160)
INFO : 00:00:28.120 : The rat position is: (1046, 162) @ 108
INFO : 00:00:28.120 : The rat position after failed is: (1046, 162)
INFO : 00:00:28.160 : The rat position is: (1044, 160) @ 108
INFO : 00:00:28.160 : The rat position after failed is: (1044, 160)
INFO : 00:00:28.200 : The rat position is: (1046, 163) @ 108
INFO : 00:00:28.200 : The rat position after failed is: (1046, 163)
INFO : 00:00:28.240 : The rat position is: (1048, 164) @ 108
INFO : 00:00:28.240 : The rat position after failed is: (1048, 164)
INFO : 00:00:28.280 : The rat position is: (1052, 168) @ 108
INFO : 00:00:28.280 : The rat position after failed is: (1052, 168)
INFO : 00:00:28.320 : The rat position is: (1055, 171) @ 108
INFO : 00:00:28.320 : The rat position after failed is: (1055, 171)
INFO : 00:00:28.360 : The rat position is: (1059, 174) @ 108
INFO : 00:00:28.360 : The rat position after failed is: (1059, 174)
INFO : 00:00:28.400 : The rat position is: (1063, 178) @ 108
INFO : 00:00:28.400 : The rat position after failed is: (1063, 178)
INFO : 00:00:28.440 : The rat position is: (1064, 181) @ 108
INFO : 00:00:28.440 : The rat position after failed is: (1064, 181)
INFO : 00:00:28.480 : The rat position is: (1065, 185) @ 108
INFO : 00:00:28.480 : The rat position after failed is: (1065, 185)
INFO : 00:00:28.520 : The rat position is: (1066, 188) @ 108
INFO : 00:00:28.520 : The rat position after failed is: (1066, 188)
INFO : 00:00:28.560 : The rat position is: (1068, 192) @ 109
INFO : 00:00:28.560 : The rat position after failed is: (1068, 192)
INFO : 00:00:28.600 : The rat position is: (1068, 192) @ 109
INFO : 00:00:28.600 : The rat position after failed is: (1068, 192)
INFO : 00:00:28.640 : The rat position is: (1070, 194) @ 109
INFO : 00:00:28.640 : The rat position after failed is: (1070, 194)
INFO : 00:00:28.680 : The rat position is: (1084, 201) @ 109
INFO : 00:00:28.680 : The rat position after failed is: (1084, 201)
INFO : 00:00:28.720 : The rat position is: (1081, 200) @ 109
INFO : 00:00:28.720 : The rat position after failed is: (1081, 200)
INFO : 00:00:28.760 : The rat position is: (1091, 204) @ 109
INFO : 00:00:28.760 : The rat position after failed is: (1091, 204)
INFO : 00:00:28.800 : The rat position is: (1088, 204) @ 109
INFO : 00:00:28.800 : The rat position after failed is: (1088, 204)
INFO : 00:00:28.840 : The rat position is: (1090, 205) @ 109
INFO : 00:00:28.840 : The rat position after failed is: (1090, 205)
INFO : 00:00:28.880 : The rat position is: (1097, 206) @ 109
INFO : 00:00:28.880 : The rat position after failed is: (1097, 206)
INFO : 00:00:28.920 : The rat position is: (1102, 207) @ 109
INFO : 00:00:28.920 : The rat position after failed is: (1102, 207)
INFO : 00:00:28.960 : The rat position is: (1106, 208) @ 109
INFO : 00:00:28.960 : The rat position after failed is: (1106, 208)
INFO : 00:00:29.000 : The rat position is: (1108, 208) @ 109
INFO : 00:00:29.000 : The rat position after failed is: (1108, 208)
INFO : 00:00:29.040 : The rat position is: (1108, 208) @ 109
INFO : 00:00:29.040 : The rat position after failed is: (1108, 208)
INFO : 00:00:29.080 : The rat position is: (1113, 208) @ 109
INFO : 00:00:29.080 : The rat position after failed is: (1113, 208)
INFO : 00:00:29.120 : The rat position is: (1119, 208) @ 103
INFO : 00:00:29.120 : The rat position after failed is: (1119, 208)
INFO : 00:00:29.160 : The rat position is: (1119, 208) @ 103
INFO : 00:00:29.160 : The rat position after failed is: (1119, 208)
INFO : 00:00:29.200 : The rat position is: (1124, 209) @ 103
INFO : 00:00:29.200 : The rat position after failed is: (1124, 209)
INFO : 00:00:29.240 : The rat position is: (1124, 209) @ 103
INFO : 00:00:29.240 : The rat position after failed is: (1124, 209)
INFO : 00:00:29.280 : The rat position is: (1128, 212) @ 103
INFO : 00:00:29.280 : The rat position after failed is: (1128, 212)
INFO : 00:00:29.320 : The rat position is: (1132, 214) @ 103
INFO : 00:00:29.320 : The rat position after failed is: (1132, 214)
INFO : 00:00:29.360 : The rat position is: (1134, 214) @ 103
INFO : 00:00:29.360 : The rat position after failed is: (1134, 214)
INFO : 00:00:29.400 : The rat position is: (1134, 214) @ 103
INFO : 00:00:29.400 : The rat position after failed is: (1134, 214)
INFO : 00:00:29.440 : The rat position is: (1136, 216) @ 103
INFO : 00:00:29.440 : The rat position after failed is: (1136, 216)
INFO : 00:00:29.480 : The rat position is: (1138, 218) @ 103
INFO : 00:00:29.480 : The rat position after failed is: (1138, 218)
INFO : 00:00:29.520 : The rat position is: (1140, 221) @ 103
INFO : 00:00:29.520 : The rat position after failed is: (1140, 221)
INFO : 00:00:29.560 : The rat position is: (1140, 221) @ 103
INFO : 00:00:29.560 : The rat position after failed is: (1140, 221)
INFO : 00:00:29.600 : The rat position is: (1143, 223) @ 103
INFO : 00:00:29.600 : The rat position after failed is: (1143, 223)
INFO : 00:00:29.640 : The rat position is: (1144, 225) @ 103
INFO : 00:00:29.640 : The rat position after failed is: (1144, 225)
INFO : 00:00:29.680 : The rat position is: (1132, 220) @ 103
INFO : 00:00:29.680 : The rat position after failed is: (1132, 220)
INFO : 00:00:29.720 : The rat position is: (1133, 223) @ 103
INFO : 00:00:29.720 : The rat position after failed is: (1133, 223)
INFO : 00:00:29.760 : The rat position is: (1133, 224) @ 103
INFO : 00:00:29.760 : The rat position after failed is: (1133, 224)
INFO : 00:00:29.800 : The rat position is: (1133, 224) @ 103
INFO : 00:00:29.800 : The rat position after failed is: (1133, 224)
INFO : 00:00:29.840 : The rat position is: (1133, 224) @ 103
INFO : 00:00:29.840 : The rat position after failed is: (1133, 224)
INFO : 00:00:29.880 : The rat position is: (1148, 232) @ 103
INFO : 00:00:29.880 : The rat position after failed is: (1148, 232)
INFO : 00:00:29.920 : The rat position is: (1149, 233) @ 103
INFO : 00:00:29.920 : The rat position after failed is: (1149, 233)
INFO : 00:00:29.960 : The rat position is: (1149, 233) @ 103
INFO : 00:00:29.960 : The rat position after failed is: (1149, 233)
INFO : 00:00:30.000 : The rat position is: (1149, 233) @ 103
INFO : 00:00:30.000 : The rat position after failed is: (1149, 233)
INFO : 00:00:30.040 : The rat position is: (1149, 233) @ 103
INFO : 00:00:30.040 : The rat position after failed is: (1149, 233)
INFO : 00:00:30.080 : The rat position is: (1139, 225) @ 103
INFO : 00:00:30.080 : The rat position after failed is: (1139, 225)
INFO : 00:00:30.120 : The rat position is: (1139, 225) @ 103
INFO : 00:00:30.120 : The rat position after failed is: (1139, 225)
INFO : 00:00:30.160 : The rat position is: (1150, 234) @ 104
INFO : 00:00:30.160 : The rat position after failed is: (1150, 234)
INFO : 00:00:30.200 : The rat position is: (1151, 236) @ 104
INFO : 00:00:30.200 : The rat position after failed is: (1151, 236)
INFO : 00:00:30.240 : The rat position is: (1151, 235) @ 104
INFO : 00:00:30.240 : The rat position after failed is: (1151, 235)
INFO : 00:00:30.280 : The rat position is: (1151, 235) @ 104
INFO : 00:00:30.280 : The rat position after failed is: (1151, 235)
INFO : 00:00:30.320 : The rat position is: (1151, 235) @ 104
INFO : 00:00:30.320 : The rat position after failed is: (1151, 235)
INFO : 00:00:30.360 : The rat position is: (1151, 235) @ 104
INFO : 00:00:30.360 : The rat position after failed is: (1151, 235)
INFO : 00:00:30.400 : The rat position is: (1149, 229) @ 104
INFO : 00:00:30.400 : The rat position after failed is: (1149, 229)
INFO : 00:00:30.440 : The rat position is: (1148, 229) @ 104
INFO : 00:00:30.440 : The rat position after failed is: (1148, 229)
INFO : 00:00:30.480 : The rat position is: (1148, 229) @ 104
INFO : 00:00:30.480 : The rat position after failed is: (1148, 229)
INFO : 00:00:30.520 : The rat position is: (1148, 229) @ 104
INFO : 00:00:30.520 : The rat position after failed is: (1148, 229)
INFO : 00:00:30.560 : The rat position is: (1148, 229) @ 104
INFO : 00:00:30.560 : The rat position after failed is: (1148, 229)
INFO : 00:00:30.600 : The rat position is: (1148, 229) @ 104
INFO : 00:00:30.600 : The rat position after failed is: (1148, 229)
INFO : 00:00:30.640 : The rat position is: (1148, 229) @ 104
INFO : 00:00:30.640 : The rat position after failed is: (1148, 229)
INFO : 00:00:30.680 : The rat position is: (1148, 229) @ 104
INFO : 00:00:30.680 : The rat position after failed is: (1148, 229)
INFO : 00:00:30.720 : The rat position is: (1148, 229) @ 104
INFO : 00:00:30.720 : The rat position after failed is: (1148, 229)
INFO : 00:00:30.760 : The rat position is: (1148, 229) @ 104
INFO : 00:00:30.760 : The rat position after failed is: (1148, 229)
INFO : 00:00:30.800 : The rat position is: (1148, 228) @ 104
INFO : 00:00:30.800 : The rat position after failed is: (1148, 228)
INFO : 00:00:30.840 : The rat position is: (1148, 229) @ 104
INFO : 00:00:30.840 : The rat position after failed is: (1148, 229)
INFO : 00:00:30.880 : The rat position is: (1148, 229) @ 104
INFO : 00:00:30.880 : The rat position after failed is: (1148, 229)
INFO : 00:00:30.920 : The rat position is: (1148, 229) @ 104
INFO : 00:00:30.920 : The rat position after failed is: (1148, 229)
INFO : 00:00:30.960 : The rat position is: (1148, 229) @ 104
INFO : 00:00:30.960 : The rat position after failed is: (1148, 229)
INFO : 00:00:31.000 : The rat position is: (1148, 229) @ 104
INFO : 00:00:31.000 : The rat position after failed is: (1148, 229)
INFO : 00:00:31.040 : The rat position is: (1148, 228) @ 104
INFO : 00:00:31.040 : The rat position after failed is: (1148, 228)
INFO : 00:00:31.080 : The rat position is: (1148, 228) @ 104
INFO : 00:00:31.080 : The rat position after failed is: (1148, 228)
INFO : 00:00:31.120 : The rat position is: (1148, 229) @ 104
INFO : 00:00:31.120 : The rat position after failed is: (1148, 229)
INFO : 00:00:31.160 : The rat position is: (1148, 229) @ 104
INFO : 00:00:31.160 : The rat position after failed is: (1148, 229)
INFO : 00:00:31.200 : The rat position is: (1148, 229) @ 104
INFO : 00:00:31.200 : The rat position after failed is: (1148, 229)
